[ 2026-01-18 15:47:42,131 ] 164 numexpr.utils - INFO - NumExpr defaulting to 12 threads.
[ 2026-01-18 15:47:45,951 ] 1025 httpx - INFO - HTTP Request: GET https://dagshub.com/api/v1/user "HTTP/1.1 200 OK"
[ 2026-01-18 15:47:45,962 ] 107 dagshub - INFO - Accessing as SulaimanMansaray335
[ 2026-01-18 15:47:46,815 ] 1025 httpx - INFO - HTTP Request: GET https://dagshub.com/api/v1/repos/SulaimanMansaray335/Network-Security-Project "HTTP/1.1 200 OK"
[ 2026-01-18 15:47:47,529 ] 1025 httpx - INFO - HTTP Request: GET https://dagshub.com/api/v1/user "HTTP/1.1 200 OK"
[ 2026-01-18 15:47:47,533 ] 107 dagshub - INFO - Initialized MLflow to track repo "SulaimanMansaray335/Network-Security-Project"
[ 2026-01-18 15:47:47,535 ] 107 dagshub - INFO - Repository SulaimanMansaray335/Network-Security-Project initialized!
[ 2026-01-18 15:50:28,510 ] 21 root - INFO - Start Data Ingestion
[ 2026-01-18 15:50:31,742 ] 62 root - INFO - Performed train test split on the dataframe
[ 2026-01-18 15:50:31,742 ] 64 root - INFO - Exited split_data_as_train_test method of Data_Ingestion class
[ 2026-01-18 15:50:31,742 ] 72 root - INFO - Exporting train and test file path.
[ 2026-01-18 15:50:31,955 ] 81 root - INFO - Exported train and test file path
[ 2026-01-18 15:50:31,956 ] 24 root - INFO - Data Ingestion completed on artifact: DataIngestionArtifact(trained_file_path='Artifacts\\01_18_2026_15_47_42\\data_ingestion\\ingested\\train.csv', test_file_path='Artifacts\\01_18_2026_15_47_42\\data_ingestion\\ingested\\test.csv')
[ 2026-01-18 15:50:31,967 ] 33 root - INFO - Initiate the Data Validation
[ 2026-01-18 15:50:46,709 ] 21 root - INFO - Start Data Ingestion
[ 2026-01-18 15:50:49,086 ] 62 root - INFO - Performed train test split on the dataframe
[ 2026-01-18 15:50:49,086 ] 64 root - INFO - Exited split_data_as_train_test method of Data_Ingestion class
[ 2026-01-18 15:50:49,088 ] 72 root - INFO - Exporting train and test file path.
[ 2026-01-18 15:50:49,298 ] 81 root - INFO - Exported train and test file path
[ 2026-01-18 15:50:49,299 ] 24 root - INFO - Data Ingestion completed on artifact: DataIngestionArtifact(trained_file_path='Artifacts\\01_18_2026_15_47_42\\data_ingestion\\ingested\\train.csv', test_file_path='Artifacts\\01_18_2026_15_47_42\\data_ingestion\\ingested\\test.csv')
[ 2026-01-18 15:50:49,312 ] 33 root - INFO - Initiate the Data Validation
[ 2026-01-18 15:52:48,348 ] 21 root - INFO - Start Data Ingestion
[ 2026-01-18 15:52:50,974 ] 62 root - INFO - Performed train test split on the dataframe
[ 2026-01-18 15:52:50,974 ] 64 root - INFO - Exited split_data_as_train_test method of Data_Ingestion class
[ 2026-01-18 15:52:50,975 ] 72 root - INFO - Exporting train and test file path.
[ 2026-01-18 15:52:51,181 ] 81 root - INFO - Exported train and test file path
[ 2026-01-18 15:52:51,183 ] 24 root - INFO - Data Ingestion completed on artifact: DataIngestionArtifact(trained_file_path='Artifacts\\01_18_2026_15_47_42\\data_ingestion\\ingested\\train.csv', test_file_path='Artifacts\\01_18_2026_15_47_42\\data_ingestion\\ingested\\test.csv')
[ 2026-01-18 15:52:51,194 ] 33 root - INFO - Initiate the Data Validation
