[ 2026-01-19 10:03:35,537 ] 164 numexpr.utils - INFO - NumExpr defaulting to 12 threads.
[ 2026-01-19 10:03:38,571 ] 1025 httpx - INFO - HTTP Request: GET https://dagshub.com/api/v1/user "HTTP/1.1 200 OK"
[ 2026-01-19 10:03:38,578 ] 107 dagshub - INFO - Accessing as SulaimanMansaray335
[ 2026-01-19 10:03:39,040 ] 1025 httpx - INFO - HTTP Request: GET https://dagshub.com/api/v1/repos/SulaimanMansaray335/Network-Security-Project "HTTP/1.1 200 OK"
[ 2026-01-19 10:03:39,469 ] 1025 httpx - INFO - HTTP Request: GET https://dagshub.com/api/v1/user "HTTP/1.1 200 OK"
[ 2026-01-19 10:03:39,476 ] 107 dagshub - INFO - Initialized MLflow to track repo "SulaimanMansaray335/Network-Security-Project"
[ 2026-01-19 10:03:39,476 ] 107 dagshub - INFO - Repository SulaimanMansaray335/Network-Security-Project initialized!
[ 2026-01-19 10:03:57,095 ] 24 root - INFO - Start Data Ingestion
[ 2026-01-19 10:03:59,695 ] 62 root - INFO - Performed train test split on the dataframe
[ 2026-01-19 10:03:59,698 ] 64 root - INFO - Exited split_data_as_train_test method of Data_Ingestion class
[ 2026-01-19 10:03:59,698 ] 72 root - INFO - Exporting train and test file path.
[ 2026-01-19 10:03:59,784 ] 81 root - INFO - Exported train and test file path
[ 2026-01-19 10:03:59,786 ] 27 root - INFO - Data Ingestion completed on artifact: DataIngestionArtifact(trained_file_path='Artifacts\\01_19_2026_10_03_35\\data_ingestion\\ingested\\train.csv', test_file_path='Artifacts\\01_19_2026_10_03_35\\data_ingestion\\ingested\\test.csv')
[ 2026-01-19 10:03:59,790 ] 37 root - INFO - Initiate the Data Validation
[ 2026-01-19 10:03:59,820 ] 33 root - INFO - Required number of columns: 2
[ 2026-01-19 10:03:59,820 ] 34 root - INFO - Data frame has columns: 31
[ 2026-01-19 10:03:59,820 ] 33 root - INFO - Required number of columns: 2
[ 2026-01-19 10:03:59,820 ] 34 root - INFO - Data frame has columns: 31
[ 2026-01-19 10:04:00,010 ] 48 root - INFO - Initiate Data Transformation
[ 2026-01-19 10:04:00,010 ] 56 root - INFO - Entered initiate_datat_transformation method of DataTransformation class
[ 2026-01-19 10:04:00,010 ] 58 root - INFO - Starting data transformation
[ 2026-01-19 10:04:00,043 ] 42 root - INFO - Entered get_data_transformer_object method of DataTransformation class
[ 2026-01-19 10:04:00,043 ] 47 root - INFO - Initialize KNNImputer with {'missing_values': nan, 'n_neighbors': 3, 'weights': 'uniform'}
[ 2026-01-19 10:04:00,063 ] 52 root - INFO - Entered the save objected method of MainUtils class
[ 2026-01-19 10:04:00,064 ] 56 root - INFO - Exited the save_object method of MainUtils class
[ 2026-01-19 10:04:00,064 ] 52 root - INFO - Entered the save objected method of MainUtils class
[ 2026-01-19 10:04:00,070 ] 56 root - INFO - Exited the save_object method of MainUtils class
[ 2026-01-19 10:39:14,256 ] 52 root - INFO - Entered the save objected method of MainUtils class
[ 2026-01-19 10:39:14,256 ] 56 root - INFO - Exited the save_object method of MainUtils class
[ 2026-01-19 10:39:14,257 ] 52 root - INFO - Entered the save objected method of MainUtils class
[ 2026-01-19 10:39:14,262 ] 56 root - INFO - Exited the save_object method of MainUtils class
[ 2026-01-19 10:39:14,262 ] 138 root - INFO - Model trainer artifact: ModelTrainerArtifact(trained_model_file_path='Artifacts\\01_19_2026_10_03_35\\model_trainer\\trained_model\\model.pk1', train_metric_artifact=ClassificationMetricArtifact(f1_score=0.9908712851201947, precision_score=0.9875657096643753, recall_score=0.9941990637085284), test_metric_artifact=ClassificationMetricArtifact(f1_score=0.9876198083067093, precision_score=0.9813492063492063, recall_score=0.9939710610932476))
[ 2026-01-19 11:08:39,884 ] 24 root - INFO - Start Data Ingestion
[ 2026-01-19 11:08:42,387 ] 62 root - INFO - Performed train test split on the dataframe
[ 2026-01-19 11:08:42,387 ] 64 root - INFO - Exited split_data_as_train_test method of Data_Ingestion class
[ 2026-01-19 11:08:42,388 ] 72 root - INFO - Exporting train and test file path.
[ 2026-01-19 11:08:42,597 ] 81 root - INFO - Exported train and test file path
[ 2026-01-19 11:08:42,598 ] 27 root - INFO - Data Ingestion completed on artifact: DataIngestionArtifact(trained_file_path='Artifacts\\01_19_2026_10_03_35\\data_ingestion\\ingested\\train.csv', test_file_path='Artifacts\\01_19_2026_10_03_35\\data_ingestion\\ingested\\test.csv')
[ 2026-01-19 11:08:42,613 ] 37 root - INFO - Initiate the Data Validation
[ 2026-01-19 11:08:42,676 ] 33 root - INFO - Required number of columns: 2
[ 2026-01-19 11:08:42,676 ] 34 root - INFO - Data frame has columns: 31
[ 2026-01-19 11:08:42,676 ] 33 root - INFO - Required number of columns: 2
[ 2026-01-19 11:08:42,676 ] 34 root - INFO - Data frame has columns: 31
[ 2026-01-19 11:08:43,070 ] 48 root - INFO - Initiate Data Transformation
[ 2026-01-19 11:08:43,070 ] 56 root - INFO - Entered initiate_datat_transformation method of DataTransformation class
[ 2026-01-19 11:08:43,070 ] 58 root - INFO - Starting data transformation
[ 2026-01-19 11:08:43,139 ] 42 root - INFO - Entered get_data_transformer_object method of DataTransformation class
[ 2026-01-19 11:08:43,139 ] 47 root - INFO - Initialize KNNImputer with {'missing_values': nan, 'n_neighbors': 3, 'weights': 'uniform'}
[ 2026-01-19 11:08:43,160 ] 52 root - INFO - Entered the save objected method of MainUtils class
[ 2026-01-19 11:08:43,164 ] 56 root - INFO - Exited the save_object method of MainUtils class
[ 2026-01-19 11:08:43,164 ] 52 root - INFO - Entered the save objected method of MainUtils class
[ 2026-01-19 11:08:43,169 ] 56 root - INFO - Exited the save_object method of MainUtils class
[ 2026-01-19 11:46:04,941 ] 52 root - INFO - Entered the save objected method of MainUtils class
[ 2026-01-19 11:46:04,942 ] 56 root - INFO - Exited the save_object method of MainUtils class
[ 2026-01-19 11:46:04,942 ] 52 root - INFO - Entered the save objected method of MainUtils class
[ 2026-01-19 11:46:04,961 ] 56 root - INFO - Exited the save_object method of MainUtils class
[ 2026-01-19 11:46:04,961 ] 138 root - INFO - Model trainer artifact: ModelTrainerArtifact(trained_model_file_path='Artifacts\\01_19_2026_10_03_35\\model_trainer\\trained_model\\model.pk1', train_metric_artifact=ClassificationMetricArtifact(f1_score=0.9914252372012786, precision_score=0.990470397404704, recall_score=0.9923819197562215), test_metric_artifact=ClassificationMetricArtifact(f1_score=0.9852495453626995, precision_score=0.9830645161290322, recall_score=0.987444309437019))
